{"C:\\Users\\carla\\Documents\\Universidad\\Decimo ciclo\\Aseguramiento de la Calidad De Software\\prueba\\prueba-proyect\\src\\domain\\mayor-edad.js": {"path":"C:\\Users\\carla\\Documents\\Universidad\\Decimo ciclo\\Aseguramiento de la Calidad De Software\\prueba\\prueba-proyect\\src\\domain\\mayor-edad.js","statementMap":{"0":{"start":{"line":2,"column":2},"end":{"line":4,"column":3}},"1":{"start":{"line":3,"column":4},"end":{"line":3,"column":37}},"2":{"start":{"line":5,"column":3},"end":{"line":7,"column":3}},"3":{"start":{"line":6,"column":4},"end":{"line":6,"column":37}},"4":{"start":{"line":8,"column":2},"end":{"line":8,"column":20}},"5":{"start":{"line":11,"column":0},"end":{"line":11,"column":35}}},"fnMap":{"0":{"name":"esMayorDeEdad","decl":{"start":{"line":1,"column":9},"end":{"line":1,"column":22}},"loc":{"start":{"line":1,"column":31},"end":{"line":9,"column":1}},"line":1}},"branchMap":{"0":{"loc":{"start":{"line":2,"column":2},"end":{"line":4,"column":3}},"type":"if","locations":[{"start":{"line":2,"column":2},"end":{"line":4,"column":3}},{"start":{},"end":{}}],"line":2},"1":{"loc":{"start":{"line":2,"column":6},"end":{"line":2,"column":45}},"type":"binary-expr","locations":[{"start":{"line":2,"column":6},"end":{"line":2,"column":30}},{"start":{"line":2,"column":34},"end":{"line":2,"column":45}}],"line":2},"2":{"loc":{"start":{"line":5,"column":3},"end":{"line":7,"column":3}},"type":"if","locations":[{"start":{"line":5,"column":3},"end":{"line":7,"column":3}},{"start":{},"end":{}}],"line":5}},"s":{"0":14,"1":3,"2":11,"3":1,"4":10,"5":2},"f":{"0":14},"b":{"0":[3,11],"1":[14,12],"2":[1,10]},"_coverageSchema":"1a1c01bbd47fc00a2c39e90264f33305004495a9","hash":"405d4042333db53b47aa462d28922e5550c3303c"}
,"C:\\Users\\carla\\Documents\\Universidad\\Decimo ciclo\\Aseguramiento de la Calidad De Software\\prueba\\prueba-proyect\\src\\domain\\prestamo.js": {"path":"C:\\Users\\carla\\Documents\\Universidad\\Decimo ciclo\\Aseguramiento de la Calidad De Software\\prueba\\prueba-proyect\\src\\domain\\prestamo.js","statementMap":{"0":{"start":{"line":1,"column":26},"end":{"line":1,"column":49}},"1":{"start":{"line":4,"column":2},"end":{"line":6,"column":3}},"2":{"start":{"line":5,"column":4},"end":{"line":5,"column":40}},"3":{"start":{"line":8,"column":43},"end":{"line":8,"column":50}},"4":{"start":{"line":11,"column":2},"end":{"line":11,"column":22}},"5":{"start":{"line":13,"column":2},"end":{"line":22,"column":3}},"6":{"start":{"line":15,"column":6},"end":{"line":15,"column":19}},"7":{"start":{"line":17,"column":6},"end":{"line":17,"column":18}},"8":{"start":{"line":19,"column":6},"end":{"line":19,"column":26}},"9":{"start":{"line":21,"column":6},"end":{"line":21,"column":44}},"10":{"start":{"line":25,"column":0},"end":{"line":25,"column":42}}},"fnMap":{"0":{"name":"puedeAprobarPrestamo","decl":{"start":{"line":3,"column":9},"end":{"line":3,"column":29}},"loc":{"start":{"line":3,"column":39},"end":{"line":23,"column":1}},"line":3}},"branchMap":{"0":{"loc":{"start":{"line":4,"column":2},"end":{"line":6,"column":3}},"type":"if","locations":[{"start":{"line":4,"column":2},"end":{"line":6,"column":3}},{"start":{},"end":{}}],"line":4},"1":{"loc":{"start":{"line":4,"column":6},"end":{"line":4,"column":45}},"type":"binary-expr","locations":[{"start":{"line":4,"column":6},"end":{"line":4,"column":14}},{"start":{"line":4,"column":18},"end":{"line":4,"column":45}}],"line":4},"2":{"loc":{"start":{"line":13,"column":2},"end":{"line":22,"column":3}},"type":"switch","locations":[{"start":{"line":14,"column":4},"end":{"line":15,"column":19}},{"start":{"line":16,"column":4},"end":{"line":17,"column":18}},{"start":{"line":18,"column":4},"end":{"line":19,"column":26}},{"start":{"line":20,"column":4},"end":{"line":21,"column":44}}],"line":13}},"s":{"0":1,"1":7,"2":1,"3":6,"4":6,"5":6,"6":1,"7":2,"8":2,"9":1,"10":1},"f":{"0":7},"b":{"0":[1,6],"1":[7,6],"2":[1,2,2,1]},"_coverageSchema":"1a1c01bbd47fc00a2c39e90264f33305004495a9","hash":"3086ec07ca4156d71d8ba5bdd55152b82ea7e6b7"}
}
