{"C:\\Users\\carla\\Documents\\Universidad\\Decimo ciclo\\Aseguramiento de la Calidad De Software\\prueba\\prueba-proyect\\src\\domain\\mayor-edad.js": {"path":"C:\\Users\\carla\\Documents\\Universidad\\Decimo ciclo\\Aseguramiento de la Calidad De Software\\prueba\\prueba-proyect\\src\\domain\\mayor-edad.js","statementMap":{"0":{"start":{"line":2,"column":2},"end":{"line":4,"column":3}},"1":{"start":{"line":3,"column":4},"end":{"line":3,"column":37}},"2":{"start":{"line":5,"column":3},"end":{"line":7,"column":3}},"3":{"start":{"line":6,"column":4},"end":{"line":6,"column":37}},"4":{"start":{"line":8,"column":2},"end":{"line":8,"column":20}},"5":{"start":{"line":11,"column":0},"end":{"line":11,"column":35}}},"fnMap":{"0":{"name":"esMayorDeEdad","decl":{"start":{"line":1,"column":9},"end":{"line":1,"column":22}},"loc":{"start":{"line":1,"column":31},"end":{"line":9,"column":1}},"line":1}},"branchMap":{"0":{"loc":{"start":{"line":2,"column":2},"end":{"line":4,"column":3}},"type":"if","locations":[{"start":{"line":2,"column":2},"end":{"line":4,"column":3}},{"start":{},"end":{}}],"line":2},"1":{"loc":{"start":{"line":2,"column":6},"end":{"line":2,"column":45}},"type":"binary-expr","locations":[{"start":{"line":2,"column":6},"end":{"line":2,"column":30}},{"start":{"line":2,"column":34},"end":{"line":2,"column":45}}],"line":2},"2":{"loc":{"start":{"line":5,"column":3},"end":{"line":7,"column":3}},"type":"if","locations":[{"start":{"line":5,"column":3},"end":{"line":7,"column":3}},{"start":{},"end":{}}],"line":5}},"s":{"0":8,"1":3,"2":5,"3":1,"4":4,"5":1},"f":{"0":8},"b":{"0":[3,5],"1":[8,6],"2":[1,4]},"_coverageSchema":"1a1c01bbd47fc00a2c39e90264f33305004495a9","hash":"405d4042333db53b47aa462d28922e5550c3303c"}
}
