TN:
SF:src\domain\mayor-edad.js
FN:1,esMayorDeEdad
FNF:1
FNH:1
FNDA:14,esMayorDeEdad
DA:2,14
DA:3,3
DA:5,11
DA:6,1
DA:8,10
DA:11,2
LF:6
LH:6
BRDA:2,0,0,3
BRDA:2,0,1,11
BRDA:2,1,0,14
BRDA:2,1,1,12
BRDA:5,2,0,1
BRDA:5,2,1,10
BRF:6
BRH:6
end_of_record
TN:
SF:src\domain\prestamo.js
FN:3,puedeAprobarPrestamo
FNF:1
FNH:1
FNDA:7,puedeAprobarPrestamo
DA:1,1
DA:4,7
DA:5,1
DA:8,6
DA:11,6
DA:13,6
DA:15,1
DA:17,2
DA:19,2
DA:21,1
DA:25,1
LF:11
LH:11
BRDA:4,0,0,1
BRDA:4,0,1,6
BRDA:4,1,0,7
BRDA:4,1,1,6
BRDA:13,2,0,1
BRDA:13,2,1,2
BRDA:13,2,2,2
BRDA:13,2,3,1
BRF:8
BRH:8
end_of_record
